<?xml version="1.0" encoding="UTF-8"?>
<!-- Generated by org.testng.reporters.JUnitReportReporter -->
<testsuite hostname="DESKTOP-HHO6U5A" failures="0" tests="7" name="tests.GetAPITest" time="5.313" errors="0" timestamp="2024-07-18T01:34:37 GMT-06:00" skipped="0">
  <testcase classname="tests.GetAPITest" name="createNewBoard" time="2.172"/>
  <testcase classname="tests.GetAPITest" name="verifyBoardCreatedByHasMap" time="0.365"/>
  <testcase classname="tests.GetAPITest" name="createNewList" time="0.384"/>
  <testcase classname="tests.GetAPITest" name="verifyListCreated" time="0.321"/>
  <testcase classname="tests.GetAPITest" name="createNewCard" time="0.481"/>
  <testcase classname="tests.GetAPITest" name="deleteBoard" time="1.352"/>
  <testcase classname="tests.GetAPITest" name="verifyDeleteBoard" time="0.238"/>
</testsuite> <!-- tests.GetAPITest -->
